This file contains any messages produced by compilers while
running configure, to aid debugging if configure makes a mistake.

It was created by pixman configure 0.26.2, which was
generated by GNU Autoconf 2.68.  Invocation command line was

  $ ./configure 

## --------- ##
## Platform. ##
## --------- ##

hostname = t-shindo-so
uname -m = i686
uname -r = 1.7.16(0.262/5/3)
uname -s = CYGWIN_NT-6.1-WOW64
uname -v = 2012-07-20 22:55

/usr/bin/uname -p = unknown
/bin/uname -X     = unknown

/bin/arch              = i686
/usr/bin/arch -k       = unknown
/usr/convex/getsysinfo = unknown
/usr/bin/hostinfo      = unknown
/bin/machine           = unknown
/usr/bin/oslevel       = unknown
/bin/universe          = unknown

PATH: /usr/local/bin
PATH: /usr/bin
PATH: /bin


## ----------- ##
## Core tests. ##
## ----------- ##

configure:2563: checking for a BSD-compatible install
configure:2631: result: /usr/bin/install -c
configure:2642: checking whether build environment is sane
configure:2692: result: yes
configure:2833: checking for a thread-safe mkdir -p
configure:2872: result: /usr/bin/mkdir -p
configure:2885: checking for gawk
configure:2901: found /usr/bin/gawk
configure:2912: result: gawk
configure:2923: checking whether make sets $(MAKE)
configure:2945: result: yes
configure:3047: checking build system type
configure:3061: result: i686-pc-cygwin
configure:3081: checking host system type
configure:3094: result: i686-pc-cygwin
configure:3165: checking for gcc
configure:3181: found /usr/bin/gcc
configure:3192: result: gcc
configure:3421: checking for C compiler version
configure:3430: gcc --version >&5
gcc (GCC) 4.5.3
Copyright (C) 2010 Free Software Foundation, Inc.
This is free software; see the source for copying conditions.  There is NO
warranty; not even for MERCHANTABILITY or FITNESS FOR A PARTICULAR PURPOSE.

configure:3441: $? = 0
configure:3430: gcc -v >&5
Using built-in specs.
COLLECT_GCC=gcc
COLLECT_LTO_WRAPPER=/usr/lib/gcc/i686-pc-cygwin/4.5.3/lto-wrapper.exe
Target: i686-pc-cygwin
Configured with: /gnu/gcc/releases/respins/4.5.3-3/gcc4-4.5.3-3/src/gcc-4.5.3/configure --srcdir=/gnu/gcc/releases/respins/4.5.3-3/gcc4-4.5.3-3/src/gcc-4.5.3 --prefix=/usr --exec-prefix=/usr --bindir=/usr/bin --sbindir=/usr/sbin --libexecdir=/usr/lib --datadir=/usr/share --localstatedir=/var --sysconfdir=/etc --datarootdir=/usr/share --docdir=/usr/share/doc/gcc4 -C --datadir=/usr/share --infodir=/usr/share/info --mandir=/usr/share/man -v --with-gmp=/usr --with-mpfr=/usr --enable-bootstrap --enable-version-specific-runtime-libs --libexecdir=/usr/lib --enable-static --enable-shared --enable-shared-libgcc --disable-__cxa_atexit --with-gnu-ld --with-gnu-as --with-dwarf2 --disable-sjlj-exceptions --enable-languages=ada,c,c++,fortran,java,lto,objc,obj-c++ --enable-graphite --enable-lto --enable-java-awt=gtk --disable-symvers --enable-libjava --program-suffix=-4 --enable-libgomp --enable-libssp --enable-libada --enable-threads=posix --with-arch=i686 --with-tune=generic --enable-libgcj-sublibs CC=gcc-4 CXX=g++-4 CC_FOR_TARGET=gcc-4 CXX_FOR_TARGET=g++-4 GNATMAKE_FOR_TARGET=gnatmake GNATBIND_FOR_TARGET=gnatbind --with-ecj-jar=/usr/share/java/ecj.jar
Thread model: posix
gcc version 4.5.3 (GCC) 
configure:3441: $? = 0
configure:3430: gcc -V >&5
gcc: '-V' option must have argument
configure:3441: $? = 1
configure:3430: gcc -qversion >&5
gcc: unrecognized option '-qversion'
gcc: no input files
configure:3441: $? = 1
configure:3461: checking whether the C compiler works
configure:3483: gcc    conftest.c  >&5
configure:3487: $? = 0
configure:3535: result: yes
configure:3538: checking for C compiler default output file name
configure:3540: result: a.exe
configure:3546: checking for suffix of executables
configure:3553: gcc -o conftest.exe    conftest.c  >&5
configure:3557: $? = 0
configure:3579: result: .exe
configure:3601: checking whether we are cross compiling
configure:3609: gcc -o conftest.exe    conftest.c  >&5
configure:3613: $? = 0
configure:3620: ./conftest.exe
configure:3624: $? = 0
configure:3639: result: no
configure:3644: checking for suffix of object files
configure:3666: gcc -c   conftest.c >&5
configure:3670: $? = 0
configure:3691: result: o
configure:3695: checking whether we are using the GNU C compiler
configure:3714: gcc -c   conftest.c >&5
configure:3714: $? = 0
configure:3723: result: yes
configure:3732: checking whether gcc accepts -g
configure:3752: gcc -c -g  conftest.c >&5
configure:3752: $? = 0
configure:3793: result: yes
configure:3810: checking for gcc option to accept ISO C89
configure:3874: gcc  -c -g -O2  conftest.c >&5
configure:3874: $? = 0
configure:3887: result: none needed
configure:3918: checking for style of include used by make
configure:3946: result: GNU
configure:3971: checking dependency style of gcc
configure:4081: result: gcc3
configure:4105: checking dependency style of gcc
configure:4213: result: gcc3
configure:4274: checking how to print strings
configure:4301: result: printf
configure:4322: checking for a sed that does not truncate output
configure:4386: result: /usr/bin/sed
configure:4404: checking for grep that handles long lines and -e
configure:4462: result: /usr/bin/grep
configure:4467: checking for egrep
configure:4529: result: /usr/bin/grep -E
configure:4534: checking for fgrep
configure:4596: result: /usr/bin/grep -F
configure:4631: checking for ld used by gcc
configure:4698: result: /usr/i686-pc-cygwin/bin/ld.exe
configure:4705: checking if the linker (/usr/i686-pc-cygwin/bin/ld.exe) is GNU ld
configure:4720: result: yes
configure:4732: checking for BSD- or MS-compatible name lister (nm)
configure:4781: result: /usr/bin/nm -B
configure:4911: checking the name lister (/usr/bin/nm -B) interface
configure:4918: gcc -c -g -O2  conftest.c >&5
configure:4921: /usr/bin/nm -B "conftest.o"
configure:4924: output
00000000 b .bss
00000000 d .data
00000000 N .debug_abbrev
00000000 N .debug_info
00000000 N .debug_line
00000000 N .debug_pubnames
00000000 t .text
00000000 B _some_variable
configure:4931: result: BSD nm
configure:4934: checking whether ln -s works
configure:4938: result: yes
configure:4946: checking the maximum length of command line arguments
configure:5071: result: 8192
configure:5088: checking whether the shell understands some XSI constructs
configure:5098: result: yes
configure:5102: checking whether the shell understands "+="
configure:5108: result: yes
configure:5143: checking how to convert i686-pc-cygwin file names to i686-pc-cygwin format
configure:5183: result: func_convert_file_noop
configure:5190: checking how to convert i686-pc-cygwin file names to toolchain format
configure:5210: result: func_convert_file_noop
configure:5217: checking for /usr/i686-pc-cygwin/bin/ld.exe option to reload object files
configure:5224: result: -r
configure:5298: checking for objdump
configure:5314: found /usr/bin/objdump
configure:5325: result: objdump
configure:5357: checking how to recognize dependent libraries
configure:5559: result: file_magic ^x86 archive import|^x86 DLL
configure:5644: checking for dlltool
configure:5660: found /usr/bin/dlltool
configure:5671: result: dlltool
configure:5704: checking how to associate runtime and link libraries
configure:5731: result: func_cygming_dll_for_implib
configure:5792: checking for ar
configure:5808: found /usr/bin/ar
configure:5819: result: ar
configure:5856: checking for archiver @FILE support
configure:5873: gcc -c -g -O2  conftest.c >&5
configure:5873: $? = 0
configure:5876: ar cru libconftest.a @conftest.lst >&5
configure:5879: $? = 0
configure:5884: ar cru libconftest.a @conftest.lst >&5
ar: conftest.o: No such file or directory
configure:5887: $? = 1
configure:5899: result: @
configure:5957: checking for strip
configure:5973: found /usr/bin/strip
configure:5984: result: strip
configure:6056: checking for ranlib
configure:6072: found /usr/bin/ranlib
configure:6083: result: ranlib
configure:6185: checking command to parse /usr/bin/nm -B output from gcc object
configure:6304: gcc -c -g -O2  conftest.c >&5
configure:6307: $? = 0
configure:6311: /usr/bin/nm -B conftest.o \| sed -n -e 's/^.*[ ]\([ABCDGIRSTW][ABCDGIRSTW]*\)[ ][ ]*\([_A-Za-z][_A-Za-z0-9]*\)$/\1 \2 \2/p' | sed '/ __gnu_lto/d' \> conftest.nm
configure:6314: $? = 0
cannot find nm_test_var in conftest.nm
configure:6304: gcc -c -g -O2  conftest.c >&5
configure:6307: $? = 0
configure:6311: /usr/bin/nm -B conftest.o \| sed -n -e 's/^.*[ ]\([ABCDGIRSTW][ABCDGIRSTW]*\)[ ][ ]*_\([_A-Za-z][_A-Za-z0-9]*\)$/\1 _\2 \2/p' | sed '/ __gnu_lto/d' \> conftest.nm
configure:6314: $? = 0
configure:6380: gcc -o conftest.exe -g -O2   conftest.c conftstm.o >&5
configure:6383: $? = 0
configure:6421: result: ok
configure:6458: checking for sysroot
configure:6488: result: no
configure:6731: checking for mt
configure:6761: result: no
configure:6781: checking if : is a manifest tool
configure:6787: : '-?'
configure:6795: result: no
configure:7427: checking how to run the C preprocessor
configure:7458: gcc -E  conftest.c
configure:7458: $? = 0
configure:7472: gcc -E  conftest.c
conftest.c:11:28: fatal error: ac_nonexistent.h: No such file or directory
compilation terminated.
configure:7472: $? = 1
configure: failed program was:
| /* confdefs.h */
| #define PACKAGE_NAME "pixman"
| #define PACKAGE_TARNAME "pixman"
| #define PACKAGE_VERSION "0.26.2"
| #define PACKAGE_STRING "pixman 0.26.2"
| #define PACKAGE_BUGREPORT "pixman@lists.freedesktop.org"
| #define PACKAGE_URL ""
| #define PACKAGE "pixman"
| #define VERSION "0.26.2"
| /* end confdefs.h.  */
| #include <ac_nonexistent.h>
configure:7497: result: gcc -E
configure:7517: gcc -E  conftest.c
configure:7517: $? = 0
configure:7531: gcc -E  conftest.c
conftest.c:11:28: fatal error: ac_nonexistent.h: No such file or directory
compilation terminated.
configure:7531: $? = 1
configure: failed program was:
| /* confdefs.h */
| #define PACKAGE_NAME "pixman"
| #define PACKAGE_TARNAME "pixman"
| #define PACKAGE_VERSION "0.26.2"
| #define PACKAGE_STRING "pixman 0.26.2"
| #define PACKAGE_BUGREPORT "pixman@lists.freedesktop.org"
| #define PACKAGE_URL ""
| #define PACKAGE "pixman"
| #define VERSION "0.26.2"
| /* end confdefs.h.  */
| #include <ac_nonexistent.h>
configure:7560: checking for ANSI C header files
configure:7580: gcc -c -g -O2  conftest.c >&5
configure:7580: $? = 0
configure:7653: gcc -o conftest.exe -g -O2   conftest.c  >&5
configure:7653: $? = 0
configure:7653: ./conftest.exe
configure:7653: $? = 0
configure:7664: result: yes
configure:7677: checking for sys/types.h
configure:7677: gcc -c -g -O2  conftest.c >&5
configure:7677: $? = 0
configure:7677: result: yes
configure:7677: checking for sys/stat.h
configure:7677: gcc -c -g -O2  conftest.c >&5
configure:7677: $? = 0
configure:7677: result: yes
configure:7677: checking for stdlib.h
configure:7677: gcc -c -g -O2  conftest.c >&5
configure:7677: $? = 0
configure:7677: result: yes
configure:7677: checking for string.h
configure:7677: gcc -c -g -O2  conftest.c >&5
configure:7677: $? = 0
configure:7677: result: yes
configure:7677: checking for memory.h
configure:7677: gcc -c -g -O2  conftest.c >&5
configure:7677: $? = 0
configure:7677: result: yes
configure:7677: checking for strings.h
configure:7677: gcc -c -g -O2  conftest.c >&5
configure:7677: $? = 0
configure:7677: result: yes
configure:7677: checking for inttypes.h
configure:7677: gcc -c -g -O2  conftest.c >&5
configure:7677: $? = 0
configure:7677: result: yes
configure:7677: checking for stdint.h
configure:7677: gcc -c -g -O2  conftest.c >&5
configure:7677: $? = 0
configure:7677: result: yes
configure:7677: checking for unistd.h
configure:7677: gcc -c -g -O2  conftest.c >&5
configure:7677: $? = 0
configure:7677: result: yes
configure:7691: checking for dlfcn.h
configure:7691: gcc -c -g -O2  conftest.c >&5
configure:7691: $? = 0
configure:7691: result: yes
configure:7878: checking for objdir
configure:7893: result: .libs
configure:8160: checking if gcc supports -fno-rtti -fno-exceptions
configure:8178: gcc -c -g -O2  -fno-rtti -fno-exceptions conftest.c >&5
cc1: warning: command line option "-fno-rtti" is valid for C++/ObjC++ but not for C
configure:8182: $? = 0
configure:8195: result: no
configure:8505: checking for gcc option to produce PIC
configure:8512: result: -DDLL_EXPORT -DPIC
configure:8520: checking if gcc PIC flag -DDLL_EXPORT -DPIC works
configure:8538: gcc -c -g -O2  -DDLL_EXPORT -DPIC -DPIC conftest.c >&5
configure:8542: $? = 0
configure:8555: result: yes
configure:8584: checking if gcc static flag -static works
configure:8612: result: yes
configure:8627: checking if gcc supports -c -o file.o
configure:8648: gcc -c -g -O2  -o out/conftest2.o conftest.c >&5
configure:8652: $? = 0
configure:8674: result: yes
configure:8682: checking if gcc supports -c -o file.o
configure:8729: result: yes
configure:8762: checking whether the gcc linker (/usr/i686-pc-cygwin/bin/ld.exe) supports shared libraries
configure:9920: result: yes
configure:9957: checking whether -lc should be explicitly linked in
configure:9965: gcc -c -g -O2  conftest.c >&5
configure:9968: $? = 0
configure:9983: gcc -shared conftest.o  -v -o ./conftest -Wl,--enable-auto-image-base -Xlinker --out-implib -Xlinker conftest 2\>\&1 \| /usr/bin/grep  -lc  \>/dev/null 2\>\&1
configure:9986: $? = 1
configure:10000: result: yes
configure:10165: checking dynamic linker characteristics
configure:10914: result: Win32 ld.exe
configure:11021: checking how to hardcode library paths into programs
configure:11046: result: immediate
configure:11586: checking whether stripping libraries is possible
configure:11591: result: yes
configure:11626: checking if libtool supports shared libraries
configure:11628: result: yes
configure:11631: checking whether to build shared libraries
configure:11652: result: yes
configure:11655: checking whether to build static libraries
configure:11659: result: yes
configure:11696: checking for getisax
configure:11696: gcc -o conftest.exe -g -O2   conftest.c  >&5
/tmp/ccWTwGic.o: In function `main':
/home/tetsuro_shindo/work/trunk/download/pixman/conftest.c:57: undefined reference to `_getisax'
collect2: ld returned 1 exit status
configure:11696: $? = 1
configure: failed program was:
| /* confdefs.h */
| #define PACKAGE_NAME "pixman"
| #define PACKAGE_TARNAME "pixman"
| #define PACKAGE_VERSION "0.26.2"
| #define PACKAGE_STRING "pixman 0.26.2"
| #define PACKAGE_BUGREPORT "pixman@lists.freedesktop.org"
| #define PACKAGE_URL ""
| #define PACKAGE "pixman"
| #define VERSION "0.26.2"
| #define STDC_HEADERS 1
| #define HAVE_SYS_TYPES_H 1
| #define HAVE_SYS_STAT_H 1
| #define HAVE_STDLIB_H 1
| #define HAVE_STRING_H 1
| #define HAVE_MEMORY_H 1
| #define HAVE_STRINGS_H 1
| #define HAVE_INTTYPES_H 1
| #define HAVE_STDINT_H 1
| #define HAVE_UNISTD_H 1
| #define HAVE_DLFCN_H 1
| #define LT_OBJDIR ".libs/"
| /* end confdefs.h.  */
| /* Define getisax to an innocuous variant, in case <limits.h> declares getisax.
|    For example, HP-UX 11i <limits.h> declares gettimeofday.  */
| #define getisax innocuous_getisax
| 
| /* System header to define __stub macros and hopefully few prototypes,
|     which can conflict with char getisax (); below.
|     Prefer <limits.h> to <assert.h> if __STDC__ is defined, since
|     <limits.h> exists even on freestanding compilers.  */
| 
| #ifdef __STDC__
| # include <limits.h>
| #else
| # include <assert.h>
| #endif
| 
| #undef getisax
| 
| /* Override any GCC internal prototype to avoid an error.
|    Use char because int might match the return type of a GCC
|    builtin and then its argument prototype would still apply.  */
| #ifdef __cplusplus
| extern "C"
| #endif
| char getisax ();
| /* The GNU C library defines this for functions which it implements
|     to always fail with ENOSYS.  Some functions are actually named
|     something starting with __ and the normal name is an alias.  */
| #if defined __stub_getisax || defined __stub___getisax
| choke me
| #endif
| 
| int
| main ()
| {
| return getisax ();
|   ;
|   return 0;
| }
configure:11696: result: no
configure:11705: checking whether byte ordering is bigendian
configure:11720: gcc -c -g -O2  conftest.c >&5
conftest.c:24:13: error: expected '=', ',', ';', 'asm' or '__attribute__' before 'a'
configure:11720: $? = 1
configure: failed program was:
| /* confdefs.h */
| #define PACKAGE_NAME "pixman"
| #define PACKAGE_TARNAME "pixman"
| #define PACKAGE_VERSION "0.26.2"
| #define PACKAGE_STRING "pixman 0.26.2"
| #define PACKAGE_BUGREPORT "pixman@lists.freedesktop.org"
| #define PACKAGE_URL ""
| #define PACKAGE "pixman"
| #define VERSION "0.26.2"
| #define STDC_HEADERS 1
| #define HAVE_SYS_TYPES_H 1
| #define HAVE_SYS_STAT_H 1
| #define HAVE_STDLIB_H 1
| #define HAVE_STRING_H 1
| #define HAVE_MEMORY_H 1
| #define HAVE_STRINGS_H 1
| #define HAVE_INTTYPES_H 1
| #define HAVE_STDINT_H 1
| #define HAVE_UNISTD_H 1
| #define HAVE_DLFCN_H 1
| #define LT_OBJDIR ".libs/"
| /* end confdefs.h.  */
| #ifndef __APPLE_CC__
| 	       not a universal capable compiler
| 	     #endif
| 	     typedef int dummy;
| 
configure:11765: gcc -c -g -O2  conftest.c >&5
configure:11765: $? = 0
configure:11783: gcc -c -g -O2  conftest.c >&5
conftest.c: In function 'main':
conftest.c:30:4: error: 'not' undeclared (first use in this function)
conftest.c:30:4: note: each undeclared identifier is reported only once for each function it appears in
conftest.c:30:8: error: expected ';' before 'big'
configure:11783: $? = 1
configure: failed program was:
| /* confdefs.h */
| #define PACKAGE_NAME "pixman"
| #define PACKAGE_TARNAME "pixman"
| #define PACKAGE_VERSION "0.26.2"
| #define PACKAGE_STRING "pixman 0.26.2"
| #define PACKAGE_BUGREPORT "pixman@lists.freedesktop.org"
| #define PACKAGE_URL ""
| #define PACKAGE "pixman"
| #define VERSION "0.26.2"
| #define STDC_HEADERS 1
| #define HAVE_SYS_TYPES_H 1
| #define HAVE_SYS_STAT_H 1
| #define HAVE_STDLIB_H 1
| #define HAVE_STRING_H 1
| #define HAVE_MEMORY_H 1
| #define HAVE_STRINGS_H 1
| #define HAVE_INTTYPES_H 1
| #define HAVE_STDINT_H 1
| #define HAVE_UNISTD_H 1
| #define HAVE_DLFCN_H 1
| #define LT_OBJDIR ".libs/"
| /* end confdefs.h.  */
| #include <sys/types.h>
| 		#include <sys/param.h>
| 
| int
| main ()
| {
| #if BYTE_ORDER != BIG_ENDIAN
| 		 not big endian
| 		#endif
| 
|   ;
|   return 0;
| }
configure:11911: result: no
configure:11929: checking for inline
configure:11945: gcc -c -g -O2  conftest.c >&5
configure:11945: $? = 0
configure:11953: result: inline
configure:11977: checking whether the compiler supports -Werror
configure:11990: gcc -o conftest.exe -Werror   conftest.c  >&5
configure:11990: $? = 0
configure:12013: result: yes
configure:12024: checking size of long
configure:12029: gcc -o conftest.exe -g -O2   conftest.c  >&5
configure:12029: $? = 0
configure:12029: ./conftest.exe
configure:12029: $? = 0
configure:12043: result: 4
configure:12055: checking whether __SUNPRO_C is declared
configure:12055: gcc -c -g -O2  conftest.c >&5
conftest.c: In function 'main':
conftest.c:64:10: error: '__SUNPRO_C' undeclared (first use in this function)
conftest.c:64:10: note: each undeclared identifier is reported only once for each function it appears in
configure:12055: $? = 1
configure: failed program was:
| /* confdefs.h */
| #define PACKAGE_NAME "pixman"
| #define PACKAGE_TARNAME "pixman"
| #define PACKAGE_VERSION "0.26.2"
| #define PACKAGE_STRING "pixman 0.26.2"
| #define PACKAGE_BUGREPORT "pixman@lists.freedesktop.org"
| #define PACKAGE_URL ""
| #define PACKAGE "pixman"
| #define VERSION "0.26.2"
| #define STDC_HEADERS 1
| #define HAVE_SYS_TYPES_H 1
| #define HAVE_SYS_STAT_H 1
| #define HAVE_STDLIB_H 1
| #define HAVE_STRING_H 1
| #define HAVE_MEMORY_H 1
| #define HAVE_STRINGS_H 1
| #define HAVE_INTTYPES_H 1
| #define HAVE_STDINT_H 1
| #define HAVE_UNISTD_H 1
| #define HAVE_DLFCN_H 1
| #define LT_OBJDIR ".libs/"
| #define SIZEOF_LONG 4
| /* end confdefs.h.  */
| #include <stdio.h>
| #ifdef HAVE_SYS_TYPES_H
| # include <sys/types.h>
| #endif
| #ifdef HAVE_SYS_STAT_H
| # include <sys/stat.h>
| #endif
| #ifdef STDC_HEADERS
| # include <stdlib.h>
| # include <stddef.h>
| #else
| # ifdef HAVE_STDLIB_H
| #  include <stdlib.h>
| # endif
| #endif
| #ifdef HAVE_STRING_H
| # if !defined STDC_HEADERS && defined HAVE_MEMORY_H
| #  include <memory.h>
| # endif
| # include <string.h>
| #endif
| #ifdef HAVE_STRINGS_H
| # include <strings.h>
| #endif
| #ifdef HAVE_INTTYPES_H
| # include <inttypes.h>
| #endif
| #ifdef HAVE_STDINT_H
| # include <stdint.h>
| #endif
| #ifdef HAVE_UNISTD_H
| # include <unistd.h>
| #endif
| int
| main ()
| {
| #ifndef __SUNPRO_C
| #ifdef __cplusplus
|   (void) __SUNPRO_C;
| #else
|   (void) __SUNPRO_C;
| #endif
| #endif
| 
|   ;
|   return 0;
| }
configure:12055: result: no
configure:12062: checking whether __amd64 is declared
configure:12062: gcc -c -g -O2  conftest.c >&5
conftest.c: In function 'main':
conftest.c:64:10: error: '__amd64' undeclared (first use in this function)
conftest.c:64:10: note: each undeclared identifier is reported only once for each function it appears in
configure:12062: $? = 1
configure: failed program was:
| /* confdefs.h */
| #define PACKAGE_NAME "pixman"
| #define PACKAGE_TARNAME "pixman"
| #define PACKAGE_VERSION "0.26.2"
| #define PACKAGE_STRING "pixman 0.26.2"
| #define PACKAGE_BUGREPORT "pixman@lists.freedesktop.org"
| #define PACKAGE_URL ""
| #define PACKAGE "pixman"
| #define VERSION "0.26.2"
| #define STDC_HEADERS 1
| #define HAVE_SYS_TYPES_H 1
| #define HAVE_SYS_STAT_H 1
| #define HAVE_STDLIB_H 1
| #define HAVE_STRING_H 1
| #define HAVE_MEMORY_H 1
| #define HAVE_STRINGS_H 1
| #define HAVE_INTTYPES_H 1
| #define HAVE_STDINT_H 1
| #define HAVE_UNISTD_H 1
| #define HAVE_DLFCN_H 1
| #define LT_OBJDIR ".libs/"
| #define SIZEOF_LONG 4
| /* end confdefs.h.  */
| #include <stdio.h>
| #ifdef HAVE_SYS_TYPES_H
| # include <sys/types.h>
| #endif
| #ifdef HAVE_SYS_STAT_H
| # include <sys/stat.h>
| #endif
| #ifdef STDC_HEADERS
| # include <stdlib.h>
| # include <stddef.h>
| #else
| # ifdef HAVE_STDLIB_H
| #  include <stdlib.h>
| # endif
| #endif
| #ifdef HAVE_STRING_H
| # if !defined STDC_HEADERS && defined HAVE_MEMORY_H
| #  include <memory.h>
| # endif
| # include <string.h>
| #endif
| #ifdef HAVE_STRINGS_H
| # include <strings.h>
| #endif
| #ifdef HAVE_INTTYPES_H
| # include <inttypes.h>
| #endif
| #ifdef HAVE_STDINT_H
| # include <stdint.h>
| #endif
| #ifdef HAVE_UNISTD_H
| # include <unistd.h>
| #endif
| int
| main ()
| {
| #ifndef __amd64
| #ifdef __cplusplus
|   (void) __amd64;
| #else
|   (void) __amd64;
| #endif
| #endif
| 
|   ;
|   return 0;
| }
configure:12062: result: no
configure:12103: checking whether the compiler supports -Wall
configure:12118: gcc -o conftest.exe -Werror -Wall   conftest.c  >&5
configure:12118: $? = 0
configure:12144: result: yes
configure:12147: checking whether the compiler supports -fno-strict-aliasing
configure:12162: gcc -o conftest.exe -Werror -fno-strict-aliasing   conftest.c  >&5
configure:12162: $? = 0
configure:12188: result: yes
configure:12194: checking for perl
configure:12212: found /usr/bin/perl
configure:12225: result: /usr/bin/perl
configure:12249: checking for gcc option to support OpenMP
configure:12264: gcc -o conftest.exe -g -O2 -Wall -fno-strict-aliasing   conftest.c  >&5
conftest.c:26:8: error: expected '=', ',', ';', 'asm' or '__attribute__' before 'me'
In file included from conftest.c:28:0:
/usr/lib/gcc/i686-pc-cygwin/4.5.3/include/omp.h:76:39: error: expected ')' before '*' token
/usr/lib/gcc/i686-pc-cygwin/4.5.3/include/omp.h:77:42: error: expected ')' before '*' token
/usr/lib/gcc/i686-pc-cygwin/4.5.3/include/omp.h:78:38: error: expected ')' before '*' token
/usr/lib/gcc/i686-pc-cygwin/4.5.3/include/omp.h:79:40: error: expected ')' before '*' token
/usr/lib/gcc/i686-pc-cygwin/4.5.3/include/omp.h:80:38: error: expected ')' before '*' token
configure:12264: $? = 1
configure: failed program was:
| /* confdefs.h */
| #define PACKAGE_NAME "pixman"
| #define PACKAGE_TARNAME "pixman"
| #define PACKAGE_VERSION "0.26.2"
| #define PACKAGE_STRING "pixman 0.26.2"
| #define PACKAGE_BUGREPORT "pixman@lists.freedesktop.org"
| #define PACKAGE_URL ""
| #define PACKAGE "pixman"
| #define VERSION "0.26.2"
| #define STDC_HEADERS 1
| #define HAVE_SYS_TYPES_H 1
| #define HAVE_SYS_STAT_H 1
| #define HAVE_STDLIB_H 1
| #define HAVE_STRING_H 1
| #define HAVE_MEMORY_H 1
| #define HAVE_STRINGS_H 1
| #define HAVE_INTTYPES_H 1
| #define HAVE_STDINT_H 1
| #define HAVE_UNISTD_H 1
| #define HAVE_DLFCN_H 1
| #define LT_OBJDIR ".libs/"
| #define SIZEOF_LONG 4
| /* end confdefs.h.  */
| 
| #ifndef _OPENMP
|  choke me
| #endif
| #include <omp.h>
| int main () { return omp_get_num_threads (); }
| 
configure:12281: gcc -o conftest.exe -g -O2 -Wall -fno-strict-aliasing -fopenmp   conftest.c  >&5
configure:12281: $? = 0
configure:12295: result: -fopenmp
configure:12358: gcc -o conftest.exe -fopenmp  -fopenmp conftest.c  >&5
configure:12358: $? = 0
configure:12390: checking whether the compiler supports -fvisibility=hidden
configure:12412: gcc -o conftest.exe -Werror -fvisibility=hidden   conftest.c  >&5
cc1: warnings being treated as errors
conftest.c: In function 'main':
conftest.c:33:4: error: visibility attribute not supported in this configuration; ignored
configure:12412: $? = 1
configure: failed program was:
| /* confdefs.h */
| #define PACKAGE_NAME "pixman"
| #define PACKAGE_TARNAME "pixman"
| #define PACKAGE_VERSION "0.26.2"
| #define PACKAGE_STRING "pixman 0.26.2"
| #define PACKAGE_BUGREPORT "pixman@lists.freedesktop.org"
| #define PACKAGE_URL ""
| #define PACKAGE "pixman"
| #define VERSION "0.26.2"
| #define STDC_HEADERS 1
| #define HAVE_SYS_TYPES_H 1
| #define HAVE_SYS_STAT_H 1
| #define HAVE_STDLIB_H 1
| #define HAVE_STRING_H 1
| #define HAVE_MEMORY_H 1
| #define HAVE_STRINGS_H 1
| #define HAVE_INTTYPES_H 1
| #define HAVE_STDINT_H 1
| #define HAVE_UNISTD_H 1
| #define HAVE_DLFCN_H 1
| #define LT_OBJDIR ".libs/"
| #define SIZEOF_LONG 4
| #define USE_OPENMP 1
| /* end confdefs.h.  */
| #if defined(__GNUC__) && (__GNUC__ >= 4)
| #ifdef _WIN32
| #error Have -fvisibility but it is ignored and generates a warning
| #endif
| #else
| #error Need GCC 4.0 for visibility
| #endif
| 
| 		 int main(int c, char **v) { (void)c; (void)v; return 0; }
| 
configure:12438: result: no
configure:12442: checking whether the compiler supports -xldscope=hidden
configure:12461: gcc -o conftest.exe -Werror -xldscope=hidden   conftest.c  >&5
gcc: language ldscope=hidden not recognized
gcc: language ldscope=hidden not recognized
conftest.c: file not recognized: File format not recognized
collect2: ld returned 1 exit status
configure:12461: $? = 1
configure: failed program was:
| /* confdefs.h */
| #define PACKAGE_NAME "pixman"
| #define PACKAGE_TARNAME "pixman"
| #define PACKAGE_VERSION "0.26.2"
| #define PACKAGE_STRING "pixman 0.26.2"
| #define PACKAGE_BUGREPORT "pixman@lists.freedesktop.org"
| #define PACKAGE_URL ""
| #define PACKAGE "pixman"
| #define VERSION "0.26.2"
| #define STDC_HEADERS 1
| #define HAVE_SYS_TYPES_H 1
| #define HAVE_SYS_STAT_H 1
| #define HAVE_STDLIB_H 1
| #define HAVE_STRING_H 1
| #define HAVE_MEMORY_H 1
| #define HAVE_STRINGS_H 1
| #define HAVE_INTTYPES_H 1
| #define HAVE_STDINT_H 1
| #define HAVE_UNISTD_H 1
| #define HAVE_DLFCN_H 1
| #define LT_OBJDIR ".libs/"
| #define SIZEOF_LONG 4
| #define USE_OPENMP 1
| /* end confdefs.h.  */
| #if defined(__SUNPRO_C) && (__SUNPRO_C >= 0x550)
| #else
| #error Need Sun Studio 8 for visibility
| #endif
| 
| 		 int main(int c, char **v) { (void)c; (void)v; return 0; }
| 
configure:12487: result: no
configure:12497: checking whether to use Loongson MMI assembler
configure:12522: gcc -c  -march=loongson2f -g -O2 -Wall -fno-strict-aliasing -I.  conftest.c >&5
conftest.c:1:0: error: bad value (loongson2f) for -march= switch
configure:12522: $? = 1
configure: failed program was:
| /* confdefs.h */
| #define PACKAGE_NAME "pixman"
| #define PACKAGE_TARNAME "pixman"
| #define PACKAGE_VERSION "0.26.2"
| #define PACKAGE_STRING "pixman 0.26.2"
| #define PACKAGE_BUGREPORT "pixman@lists.freedesktop.org"
| #define PACKAGE_URL ""
| #define PACKAGE "pixman"
| #define VERSION "0.26.2"
| #define STDC_HEADERS 1
| #define HAVE_SYS_TYPES_H 1
| #define HAVE_SYS_STAT_H 1
| #define HAVE_STDLIB_H 1
| #define HAVE_STRING_H 1
| #define HAVE_MEMORY_H 1
| #define HAVE_STRINGS_H 1
| #define HAVE_INTTYPES_H 1
| #define HAVE_STDINT_H 1
| #define HAVE_UNISTD_H 1
| #define HAVE_DLFCN_H 1
| #define LT_OBJDIR ".libs/"
| #define SIZEOF_LONG 4
| #define USE_OPENMP 1
| /* end confdefs.h.  */
| 
| #ifndef __mips_loongson_vector_rev
| #error "Loongson Multimedia Instructions are only available on Loongson"
| #endif
| #if defined(__GNUC__) && (__GNUC__ < 4 || (__GNUC__ == 4 && __GNUC_MINOR__ < 4))
| #error "Need GCC >= 4.4 for Loongson MMI compilation"
| #endif
| #include "pixman/loongson-mmintrin.h"
| int main () {
|     union {
|         __m64 v;
|         char c[8];
|     } a = { .c = {1, 2, 3, 4, 5, 6, 7, 8} };
|     int b = 4;
|     __m64 c = _mm_srli_pi16 (a.v, b);
|     return 0;
| }
configure:12548: result: no
configure:12578: checking whether to use MMX intrinsics
configure:12603: gcc -c -mmmx -Winline -g -O2 -Wall -fno-strict-aliasing  conftest.c >&5
configure:12603: $? = 0
configure:12629: result: yes
configure:12657: checking whether to use SSE2 intrinsics
configure:12679: gcc -c -msse2 -Winline -g -O2 -Wall -fno-strict-aliasing  conftest.c >&5
configure:12679: $? = 0
configure:12703: result: yes
configure:12769: checking whether to use VMX/Altivec intrinsics
configure:12786: gcc -c -maltivec -mabi=altivec -g -O2 -Wall -fno-strict-aliasing  conftest.c >&5
cc1: error: unrecognized command line option "-maltivec"
conftest.c:1:0: error: unknown ABI (altivec) for -mabi= switch
configure:12786: $? = 1
configure: failed program was:
| /* confdefs.h */
| #define PACKAGE_NAME "pixman"
| #define PACKAGE_TARNAME "pixman"
| #define PACKAGE_VERSION "0.26.2"
| #define PACKAGE_STRING "pixman 0.26.2"
| #define PACKAGE_BUGREPORT "pixman@lists.freedesktop.org"
| #define PACKAGE_URL ""
| #define PACKAGE "pixman"
| #define VERSION "0.26.2"
| #define STDC_HEADERS 1
| #define HAVE_SYS_TYPES_H 1
| #define HAVE_SYS_STAT_H 1
| #define HAVE_STDLIB_H 1
| #define HAVE_STRING_H 1
| #define HAVE_MEMORY_H 1
| #define HAVE_STRINGS_H 1
| #define HAVE_INTTYPES_H 1
| #define HAVE_STDINT_H 1
| #define HAVE_UNISTD_H 1
| #define HAVE_DLFCN_H 1
| #define LT_OBJDIR ".libs/"
| #define SIZEOF_LONG 4
| #define USE_OPENMP 1
| #define USE_X86_MMX 1
| #define USE_SSE2 1
| /* end confdefs.h.  */
| 
| #if defined(__GNUC__) && (__GNUC__ < 3 || (__GNUC__ == 3 && __GNUC_MINOR__ < 4))
| #error "Need GCC >= 3.4 for sane altivec support"
| #endif
| #include <altivec.h>
| int main () {
|     vector unsigned int v = vec_splat_u32 (1);
|     v = vec_sub (v, v);
|     return 0;
| }
configure:12812: result: no
configure:12830: checking whether to use ARM SIMD assembler
configure:12848: gcc -c -x assembler-with-cpp -g -O2 -Wall -fno-strict-aliasing  conftest.c >&5
conftest.c:34:2: error: #error EABI is required (to be sure that calling conventions are compatible)
configure:12848: $? = 1
configure: failed program was:
| /* confdefs.h */
| #define PACKAGE_NAME "pixman"
| #define PACKAGE_TARNAME "pixman"
| #define PACKAGE_VERSION "0.26.2"
| #define PACKAGE_STRING "pixman 0.26.2"
| #define PACKAGE_BUGREPORT "pixman@lists.freedesktop.org"
| #define PACKAGE_URL ""
| #define PACKAGE "pixman"
| #define VERSION "0.26.2"
| #define STDC_HEADERS 1
| #define HAVE_SYS_TYPES_H 1
| #define HAVE_SYS_STAT_H 1
| #define HAVE_STDLIB_H 1
| #define HAVE_STRING_H 1
| #define HAVE_MEMORY_H 1
| #define HAVE_STRINGS_H 1
| #define HAVE_INTTYPES_H 1
| #define HAVE_STDINT_H 1
| #define HAVE_UNISTD_H 1
| #define HAVE_DLFCN_H 1
| #define LT_OBJDIR ".libs/"
| #define SIZEOF_LONG 4
| #define USE_OPENMP 1
| #define USE_X86_MMX 1
| #define USE_SSE2 1
| /* end confdefs.h.  */
| 
| .text
| .arch armv6
| .object_arch armv4
| .arm
| .altmacro
| #ifndef __ARM_EABI__
| #error EABI is required (to be sure that calling conventions are compatible)
| #endif
| pld [r0]
| uqadd8 r0, r0, r0
configure:12881: result: no
configure:12888: checking whether to use ARM NEON assembler
configure:12908: gcc -c -x assembler-with-cpp -g -O2 -Wall -fno-strict-aliasing  conftest.c >&5
conftest.c:36:2: error: #error EABI is required (to be sure that calling conventions are compatible)
configure:12908: $? = 1
configure: failed program was:
| /* confdefs.h */
| #define PACKAGE_NAME "pixman"
| #define PACKAGE_TARNAME "pixman"
| #define PACKAGE_VERSION "0.26.2"
| #define PACKAGE_STRING "pixman 0.26.2"
| #define PACKAGE_BUGREPORT "pixman@lists.freedesktop.org"
| #define PACKAGE_URL ""
| #define PACKAGE "pixman"
| #define VERSION "0.26.2"
| #define STDC_HEADERS 1
| #define HAVE_SYS_TYPES_H 1
| #define HAVE_SYS_STAT_H 1
| #define HAVE_STDLIB_H 1
| #define HAVE_STRING_H 1
| #define HAVE_MEMORY_H 1
| #define HAVE_STRINGS_H 1
| #define HAVE_INTTYPES_H 1
| #define HAVE_STDINT_H 1
| #define HAVE_UNISTD_H 1
| #define HAVE_DLFCN_H 1
| #define LT_OBJDIR ".libs/"
| #define SIZEOF_LONG 4
| #define USE_OPENMP 1
| #define USE_X86_MMX 1
| #define USE_SSE2 1
| /* end confdefs.h.  */
| 
| .text
| .fpu neon
| .arch armv7a
| .object_arch armv4
| .eabi_attribute 10, 0
| .arm
| .altmacro
| #ifndef __ARM_EABI__
| #error EABI is required (to be sure that calling conventions are compatible)
| #endif
| pld [r0]
| vmovn.u16 d0, q0
configure:12941: result: no
configure:12972: checking whether to use ARM IWMMXT intrinsics
configure:12998: gcc -c -g -O2 -Wall -fno-strict-aliasing -flax-vector-conversions -Winline -march=iwmmxt2  conftest.c >&5
conftest.c:1:0: error: bad value (iwmmxt2) for -march= switch
configure:12998: $? = 1
configure: failed program was:
| /* confdefs.h */
| #define PACKAGE_NAME "pixman"
| #define PACKAGE_TARNAME "pixman"
| #define PACKAGE_VERSION "0.26.2"
| #define PACKAGE_STRING "pixman 0.26.2"
| #define PACKAGE_BUGREPORT "pixman@lists.freedesktop.org"
| #define PACKAGE_URL ""
| #define PACKAGE "pixman"
| #define VERSION "0.26.2"
| #define STDC_HEADERS 1
| #define HAVE_SYS_TYPES_H 1
| #define HAVE_SYS_STAT_H 1
| #define HAVE_STDLIB_H 1
| #define HAVE_STRING_H 1
| #define HAVE_MEMORY_H 1
| #define HAVE_STRINGS_H 1
| #define HAVE_INTTYPES_H 1
| #define HAVE_STDINT_H 1
| #define HAVE_UNISTD_H 1
| #define HAVE_DLFCN_H 1
| #define LT_OBJDIR ".libs/"
| #define SIZEOF_LONG 4
| #define USE_OPENMP 1
| #define USE_X86_MMX 1
| #define USE_SSE2 1
| /* end confdefs.h.  */
| 
| #ifndef __arm__
| #error "IWMMXT is only available on ARM"
| #endif
| #ifndef __IWMMXT__
| #error "IWMMXT not enabled (with -march=iwmmxt)"
| #endif
| #if defined(__GNUC__) && (__GNUC__ < 4 || (__GNUC__ == 4 && __GNUC_MINOR__ < 5))
| #error "Need GCC >= 4.5 for IWMMXT intrinsics"
| #endif
| #include <mmintrin.h>
| int main () {
| 	union {
| 		__m64 v;
| 		char c[8];
| 	} a = { .c = {1, 2, 3, 4, 5, 6, 7, 8} };
| 	int b = 4;
| 	__m64 c = _mm_srli_si64 (a.v, b);
| }
configure:13016: result: no
configure:13033: checking whether to use MIPS DSPr2 assembler
configure:13056: gcc -c -mdspr2 -g -O2 -Wall -fno-strict-aliasing  conftest.c >&5
cc1: error: unrecognized command line option "-mdspr2"
configure:13056: $? = 1
configure: failed program was:
| /* confdefs.h */
| #define PACKAGE_NAME "pixman"
| #define PACKAGE_TARNAME "pixman"
| #define PACKAGE_VERSION "0.26.2"
| #define PACKAGE_STRING "pixman 0.26.2"
| #define PACKAGE_BUGREPORT "pixman@lists.freedesktop.org"
| #define PACKAGE_URL ""
| #define PACKAGE "pixman"
| #define VERSION "0.26.2"
| #define STDC_HEADERS 1
| #define HAVE_SYS_TYPES_H 1
| #define HAVE_SYS_STAT_H 1
| #define HAVE_STDLIB_H 1
| #define HAVE_STRING_H 1
| #define HAVE_MEMORY_H 1
| #define HAVE_STRINGS_H 1
| #define HAVE_INTTYPES_H 1
| #define HAVE_STDINT_H 1
| #define HAVE_UNISTD_H 1
| #define HAVE_DLFCN_H 1
| #define LT_OBJDIR ".libs/"
| #define SIZEOF_LONG 4
| #define USE_OPENMP 1
| #define USE_X86_MMX 1
| #define USE_SSE2 1
| /* end confdefs.h.  */
| 
| #if !(defined(__mips__) &&  __mips_isa_rev >= 2)
| #error MIPS DSPr2 is currently only available on MIPS32r2 platforms.
| #endif
| int
| main ()
| {
|     int c = 0, a = 0, b = 0;
|     __asm__ __volatile__ (
|         "precr.qb.ph %[c], %[a], %[b]          \n\t"
|         : [c] "=r" (c)
|         : [a] "r" (a), [b] "r" (b)
|     );
|     return c;
| }
configure:13089: result: no
configure:13097: checking whether to use GNU-style inline assembler
configure:13108: gcc -c -g -O2 -Wall -fno-strict-aliasing  conftest.c >&5
configure:13108: $? = 0
configure:13131: result: yes
configure:13240: checking for pkg-config
configure:13273: result: no
configure:13447: checking for pixman_version_string in -lpixman-1
configure:13472: gcc -o conftest.exe -g -O2 -Wall -fno-strict-aliasing   conftest.c -lpixman-1   >&5
/usr/lib/gcc/i686-pc-cygwin/4.5.3/../../../../i686-pc-cygwin/bin/ld: cannot find -lpixman-1
collect2: ld returned 1 exit status
configure:13472: $? = 1
configure: failed program was:
| /* confdefs.h */
| #define PACKAGE_NAME "pixman"
| #define PACKAGE_TARNAME "pixman"
| #define PACKAGE_VERSION "0.26.2"
| #define PACKAGE_STRING "pixman 0.26.2"
| #define PACKAGE_BUGREPORT "pixman@lists.freedesktop.org"
| #define PACKAGE_URL ""
| #define PACKAGE "pixman"
| #define VERSION "0.26.2"
| #define STDC_HEADERS 1
| #define HAVE_SYS_TYPES_H 1
| #define HAVE_SYS_STAT_H 1
| #define HAVE_STDLIB_H 1
| #define HAVE_STRING_H 1
| #define HAVE_MEMORY_H 1
| #define HAVE_STRINGS_H 1
| #define HAVE_INTTYPES_H 1
| #define HAVE_STDINT_H 1
| #define HAVE_UNISTD_H 1
| #define HAVE_DLFCN_H 1
| #define LT_OBJDIR ".libs/"
| #define SIZEOF_LONG 4
| #define USE_OPENMP 1
| #define USE_X86_MMX 1
| #define USE_SSE2 1
| #define USE_GCC_INLINE_ASM 1
| /* end confdefs.h.  */
| 
| /* Override any GCC internal prototype to avoid an error.
|    Use char because int might match the return type of a GCC
|    builtin and then its argument prototype would still apply.  */
| #ifdef __cplusplus
| extern "C"
| #endif
| char pixman_version_string ();
| int
| main ()
| {
| return pixman_version_string ();
|   ;
|   return 0;
| }
configure:13481: result: no
configure:13580: checking for posix_memalign
configure:13580: gcc -o conftest.exe -g -O2 -Wall -fno-strict-aliasing   conftest.c  >&5
configure:13580: $? = 0
configure:13580: result: yes
configure:13593: checking for sigaction
configure:13593: gcc -o conftest.exe -g -O2 -Wall -fno-strict-aliasing   conftest.c  >&5
configure:13593: $? = 0
configure:13593: result: yes
configure:13606: checking for alarm
configure:13606: gcc -o conftest.exe -g -O2 -Wall -fno-strict-aliasing   conftest.c  >&5
configure:13606: $? = 0
configure:13606: result: yes
configure:13619: checking sys/mman.h usability
configure:13619: gcc -c -g -O2 -Wall -fno-strict-aliasing  conftest.c >&5
configure:13619: $? = 0
configure:13619: result: yes
configure:13619: checking sys/mman.h presence
configure:13619: gcc -E  conftest.c
configure:13619: $? = 0
configure:13619: result: yes
configure:13619: checking for sys/mman.h
configure:13619: result: yes
configure:13628: checking for mmap
configure:13628: gcc -o conftest.exe -g -O2 -Wall -fno-strict-aliasing   conftest.c  >&5
configure:13628: $? = 0
configure:13628: result: yes
configure:13641: checking for mprotect
configure:13641: gcc -o conftest.exe -g -O2 -Wall -fno-strict-aliasing   conftest.c  >&5
configure:13641: $? = 0
configure:13641: result: yes
configure:13654: checking for getpagesize
configure:13654: gcc -o conftest.exe -g -O2 -Wall -fno-strict-aliasing   conftest.c  >&5
configure:13654: $? = 0
configure:13654: result: yes
configure:13667: checking fenv.h usability
configure:13667: gcc -c -g -O2 -Wall -fno-strict-aliasing  conftest.c >&5
configure:13667: $? = 0
configure:13667: result: yes
configure:13667: checking fenv.h presence
configure:13667: gcc -E  conftest.c
configure:13667: $? = 0
configure:13667: result: yes
configure:13667: checking for fenv.h
configure:13667: result: yes
configure:13676: checking for feenableexcept in -lm
configure:13701: gcc -o conftest.exe -g -O2 -Wall -fno-strict-aliasing   conftest.c -lm   >&5
configure:13701: $? = 0
configure:13710: result: yes
configure:13724: checking for gettimeofday
configure:13724: gcc -o conftest.exe -g -O2 -Wall -fno-strict-aliasing   conftest.c  >&5
configure:13724: $? = 0
configure:13724: result: yes
configure:13731: checking sys/time.h usability
configure:13731: gcc -c -g -O2 -Wall -fno-strict-aliasing  conftest.c >&5
configure:13731: $? = 0
configure:13731: result: yes
configure:13731: checking sys/time.h presence
configure:13731: gcc -E  conftest.c
configure:13731: $? = 0
configure:13731: result: yes
configure:13731: checking for sys/time.h
configure:13731: result: yes
configure:13746: checking for thread local storage (TLS) support
configure:13774: gcc -c -g -O2 -Wall -fno-strict-aliasing  conftest.c >&5
configure:13774: $? = 0
configure:13774: gcc -c -g -O2 -Wall -fno-strict-aliasing  conftest.c >&5
conftest.c:46:1: warning: 'thread' attribute directive ignored
configure:13774: $? = 0
configure:13782: result: __declspec(thread)
configure:14040: checking for __attribute__((constructor))
configure:14057: gcc -o conftest.exe -g -O2 -Wall -fno-strict-aliasing   conftest.c  >&5
configure:14057: $? = 0
configure:14069: result: yes
configure:14177: checking for PNG
configure:14236: result: no
configure:14433: creating ./config.status

## ---------------------- ##
## Running config.status. ##
## ---------------------- ##

This file was extended by pixman config.status 0.26.2, which was
generated by GNU Autoconf 2.68.  Invocation command line was

  CONFIG_FILES    = 
  CONFIG_HEADERS  = 
  CONFIG_LINKS    = 
  CONFIG_COMMANDS = 
  $ ./config.status 

on t-shindo-so

config.status:1180: creating pixman-1.pc
config.status:1180: creating pixman-1-uninstalled.pc
config.status:1180: creating Makefile
config.status:1180: creating pixman/Makefile
config.status:1180: creating pixman/pixman-version.h
config.status:1180: creating demos/Makefile
config.status:1180: creating test/Makefile
config.status:1180: creating config.h
config.status:1409: executing depfiles commands
config.status:1409: executing libtool commands

## ---------------- ##
## Cache variables. ##
## ---------------- ##

ac_cv_build=i686-pc-cygwin
ac_cv_c_bigendian=no
ac_cv_c_compiler_gnu=yes
ac_cv_c_inline=inline
ac_cv_env_CCASFLAGS_set=
ac_cv_env_CCASFLAGS_value=
ac_cv_env_CCAS_set=
ac_cv_env_CCAS_value=
ac_cv_env_CC_set=
ac_cv_env_CC_value=
ac_cv_env_CFLAGS_set=
ac_cv_env_CFLAGS_value=
ac_cv_env_CPPFLAGS_set=
ac_cv_env_CPPFLAGS_value=
ac_cv_env_CPP_set=
ac_cv_env_CPP_value=
ac_cv_env_GTK_CFLAGS_set=
ac_cv_env_GTK_CFLAGS_value=
ac_cv_env_GTK_LIBS_set=
ac_cv_env_GTK_LIBS_value=
ac_cv_env_LDFLAGS_set=
ac_cv_env_LDFLAGS_value=
ac_cv_env_LIBS_set=
ac_cv_env_LIBS_value=
ac_cv_env_PKG_CONFIG_LIBDIR_set=
ac_cv_env_PKG_CONFIG_LIBDIR_value=
ac_cv_env_PKG_CONFIG_PATH_set=
ac_cv_env_PKG_CONFIG_PATH_value=
ac_cv_env_PKG_CONFIG_set=
ac_cv_env_PKG_CONFIG_value=
ac_cv_env_PNG_CFLAGS_set=
ac_cv_env_PNG_CFLAGS_value=
ac_cv_env_PNG_LIBS_set=
ac_cv_env_PNG_LIBS_value=
ac_cv_env_build_alias_set=
ac_cv_env_build_alias_value=
ac_cv_env_host_alias_set=
ac_cv_env_host_alias_value=
ac_cv_env_target_alias_set=
ac_cv_env_target_alias_value=
ac_cv_exeext=.exe
ac_cv_func_alarm=yes
ac_cv_func_getisax=no
ac_cv_func_getpagesize=yes
ac_cv_func_gettimeofday=yes
ac_cv_func_mmap=yes
ac_cv_func_mprotect=yes
ac_cv_func_posix_memalign=yes
ac_cv_func_sigaction=yes
ac_cv_have_decl___SUNPRO_C=no
ac_cv_have_decl___amd64=no
ac_cv_header_dlfcn_h=yes
ac_cv_header_fenv_h=yes
ac_cv_header_inttypes_h=yes
ac_cv_header_memory_h=yes
ac_cv_header_stdc=yes
ac_cv_header_stdint_h=yes
ac_cv_header_stdlib_h=yes
ac_cv_header_string_h=yes
ac_cv_header_strings_h=yes
ac_cv_header_sys_mman_h=yes
ac_cv_header_sys_stat_h=yes
ac_cv_header_sys_time_h=yes
ac_cv_header_sys_types_h=yes
ac_cv_header_unistd_h=yes
ac_cv_host=i686-pc-cygwin
ac_cv_lib_m_feenableexcept=yes
ac_cv_lib_pixman_1_pixman_version_string=no
ac_cv_objext=o
ac_cv_path_EGREP='/usr/bin/grep -E'
ac_cv_path_FGREP='/usr/bin/grep -F'
ac_cv_path_GREP=/usr/bin/grep
ac_cv_path_PERL=/usr/bin/perl
ac_cv_path_SED=/usr/bin/sed
ac_cv_path_install='/usr/bin/install -c'
ac_cv_path_mkdir=/usr/bin/mkdir
ac_cv_prog_AWK=gawk
ac_cv_prog_CPP='gcc -E'
ac_cv_prog_ac_ct_AR=ar
ac_cv_prog_ac_ct_CC=gcc
ac_cv_prog_ac_ct_DLLTOOL=dlltool
ac_cv_prog_ac_ct_OBJDUMP=objdump
ac_cv_prog_ac_ct_RANLIB=ranlib
ac_cv_prog_ac_ct_STRIP=strip
ac_cv_prog_c_openmp=-fopenmp
ac_cv_prog_cc_c89=
ac_cv_prog_cc_g=yes
ac_cv_prog_make_make_set=yes
ac_cv_sizeof_long=4
ac_cv_tls='__declspec(thread)'
am_cv_CCAS_dependencies_compiler_type=gcc3
am_cv_CC_dependencies_compiler_type=gcc3
lt_cv_ar_at_file=@
lt_cv_archive_cmds_need_lc=yes
lt_cv_deplibs_check_method='file_magic ^x86 archive import|^x86 DLL'
lt_cv_file_magic_cmd=func_win32_libid
lt_cv_file_magic_test_file=
lt_cv_ld_reload_flag=-r
lt_cv_nm_interface='BSD nm'
lt_cv_objdir=.libs
lt_cv_path_LD=/usr/i686-pc-cygwin/bin/ld.exe
lt_cv_path_NM='/usr/bin/nm -B'
lt_cv_path_mainfest_tool=no
lt_cv_prog_compiler_c_o=yes
lt_cv_prog_compiler_pic='-DDLL_EXPORT -DPIC'
lt_cv_prog_compiler_pic_works=yes
lt_cv_prog_compiler_rtti_exceptions=no
lt_cv_prog_compiler_static_works=yes
lt_cv_prog_gnu_ld=yes
lt_cv_sharedlib_from_linklib_cmd=func_cygming_dll_for_implib
lt_cv_sys_global_symbol_pipe='sed -n -e '\''s/^.*[	 ]\([ABCDGIRSTW][ABCDGIRSTW]*\)[	 ][	 ]*_\([_A-Za-z][_A-Za-z0-9]*\)$/\1 _\2 \2/p'\'' | sed '\''/ __gnu_lto/d'\'''
lt_cv_sys_global_symbol_to_c_name_address='sed -n -e '\''s/^: \([^ ]*\)[ ]*$/  {\"\1\", (void *) 0},/p'\'' -e '\''s/^[ABCDGIRSTW]* \([^ ]*\) \([^ ]*\)$/  {"\2", (void *) \&\2},/p'\'''
lt_cv_sys_global_symbol_to_c_name_address_lib_prefix='sed -n -e '\''s/^: \([^ ]*\)[ ]*$/  {\"\1\", (void *) 0},/p'\'' -e '\''s/^[ABCDGIRSTW]* \([^ ]*\) \(lib[^ ]*\)$/  {"\2", (void *) \&\2},/p'\'' -e '\''s/^[ABCDGIRSTW]* \([^ ]*\) \([^ ]*\)$/  {"lib\2", (void *) \&\2},/p'\'''
lt_cv_sys_global_symbol_to_cdecl='sed -n -e '\''s/^T .* \(.*\)$/extern int \1();/p'\'' -e '\''s/^[ABCDGIRSTW]* .* \(.*\)$/extern char \1;/p'\'''
lt_cv_sys_max_cmd_len=8192
lt_cv_to_host_file_cmd=func_convert_file_noop
lt_cv_to_tool_file_cmd=func_convert_file_noop

## ----------------- ##
## Output variables. ##
## ----------------- ##

ACLOCAL='${SHELL} /home/tetsuro_shindo/work/trunk/download/pixman/missing --run aclocal-1.11'
AMDEPBACKSLASH='\'
AMDEP_FALSE='#'
AMDEP_TRUE=''
AMTAR='${SHELL} /home/tetsuro_shindo/work/trunk/download/pixman/missing --run tar'
AM_BACKSLASH='\'
AM_DEFAULT_VERBOSITY='0'
AR='ar'
AUTOCONF='${SHELL} /home/tetsuro_shindo/work/trunk/download/pixman/missing --run autoconf'
AUTOHEADER='${SHELL} /home/tetsuro_shindo/work/trunk/download/pixman/missing --run autoheader'
AUTOMAKE='${SHELL} /home/tetsuro_shindo/work/trunk/download/pixman/missing --run automake-1.11'
AWK='gawk'
CC='gcc'
CCAS='gcc'
CCASDEPMODE='depmode=gcc3'
CCASFLAGS='-g -O2'
CCDEPMODE='depmode=gcc3'
CFLAGS='-g -O2 -Wall -fno-strict-aliasing'
CPP='gcc -E'
CPPFLAGS=''
CYGPATH_W='cygpath -w'
DEFS='-DHAVE_CONFIG_H'
DEPDIR='.deps'
DEP_CFLAGS=''
DEP_LIBS=''
DLLTOOL='dlltool'
DSYMUTIL=''
DUMPBIN=''
ECHO_C=''
ECHO_N='-n'
ECHO_T=''
EGREP='/usr/bin/grep -E'
EXEEXT='.exe'
FGREP='/usr/bin/grep -F'
GREP='/usr/bin/grep'
GTK_CFLAGS=''
GTK_LIBS=''
HAVE_GTK_FALSE=''
HAVE_GTK_TRUE='#'
HAVE_LIBPNG=''
HAVE_PTHREAD_SETSPECIFIC=''
INSTALL_DATA='${INSTALL} -m 644'
INSTALL_PROGRAM='${INSTALL}'
INSTALL_SCRIPT='${INSTALL}'
INSTALL_STRIP_PROGRAM='$(install_sh) -c -s'
IWMMXT_CFLAGS=''
LD='/usr/i686-pc-cygwin/bin/ld.exe'
LDFLAGS=''
LIBOBJS=''
LIBS=''
LIBTOOL='$(SHELL) $(top_builddir)/libtool'
LIPO=''
LN_S='ln -s'
LS_CFLAGS=''
LTLIBOBJS=''
LT_VERSION_INFO='26:2:26'
MAKEINFO='${SHELL} /home/tetsuro_shindo/work/trunk/download/pixman/missing --run makeinfo'
MANIFEST_TOOL=':'
MKDIR_P='/usr/bin/mkdir -p'
MMX_CFLAGS='-mmmx -Winline'
MMX_LDFLAGS=''
NM='/usr/bin/nm -B'
NMEDIT=''
OBJDUMP='objdump'
OBJEXT='o'
OPENMP_CFLAGS='-fopenmp'
OTOOL64=''
OTOOL=''
PACKAGE='pixman'
PACKAGE_BUGREPORT='pixman@lists.freedesktop.org'
PACKAGE_NAME='pixman'
PACKAGE_STRING='pixman 0.26.2'
PACKAGE_TARNAME='pixman'
PACKAGE_URL=''
PACKAGE_VERSION='0.26.2'
PATH_SEPARATOR=':'
PERL='/usr/bin/perl'
PIXMAN_TIMERS=''
PIXMAN_VERSION_MAJOR='0'
PIXMAN_VERSION_MICRO='2'
PIXMAN_VERSION_MINOR='26'
PKG_CONFIG=''
PKG_CONFIG_LIBDIR=''
PKG_CONFIG_PATH=''
PNG_CFLAGS=''
PNG_LIBS=''
PTHREAD_LDFLAGS=''
PTHREAD_LIBS=''
RANLIB='ranlib'
SED='/usr/bin/sed'
SET_MAKE=''
SHELL='/bin/sh'
SSE2_CFLAGS='-msse2 -Winline'
SSE2_LDFLAGS=''
STRIP='strip'
TESTPROGS_EXTRA_LDFLAGS=''
TOOLCHAIN_SUPPORTS_ATTRIBUTE_CONSTRUCTOR=''
TOOLCHAIN_SUPPORTS__THREAD=''
USE_ARM_IWMMXT_FALSE=''
USE_ARM_IWMMXT_TRUE='#'
USE_ARM_NEON_FALSE=''
USE_ARM_NEON_TRUE='#'
USE_ARM_SIMD_FALSE=''
USE_ARM_SIMD_TRUE='#'
USE_GCC_INLINE_ASM_FALSE='#'
USE_GCC_INLINE_ASM_TRUE=''
USE_LOONGSON_MMI_FALSE=''
USE_LOONGSON_MMI_TRUE='#'
USE_MIPS_DSPR2_FALSE=''
USE_MIPS_DSPR2_TRUE='#'
USE_SSE2_FALSE='#'
USE_SSE2_TRUE=''
USE_VMX_FALSE=''
USE_VMX_TRUE='#'
USE_X86_MMX_FALSE='#'
USE_X86_MMX_TRUE=''
VERSION='0.26.2'
VMX_CFLAGS=''
ac_ct_AR='ar'
ac_ct_CC='gcc'
ac_ct_DUMPBIN=''
am__EXEEXT_FALSE='#'
am__EXEEXT_TRUE=''
am__fastdepCCAS_FALSE='#'
am__fastdepCCAS_TRUE=''
am__fastdepCC_FALSE='#'
am__fastdepCC_TRUE=''
am__include='include'
am__isrc=''
am__leading_dot='.'
am__quote=''
am__tar='${AMTAR} chof - "$$tardir"'
am__untar='${AMTAR} xf -'
bindir='${exec_prefix}/bin'
build='i686-pc-cygwin'
build_alias=''
build_cpu='i686'
build_os='cygwin'
build_vendor='pc'
datadir='${datarootdir}'
datarootdir='${prefix}/share'
docdir='${datarootdir}/doc/${PACKAGE_TARNAME}'
dvidir='${docdir}'
exec_prefix='${prefix}'
host='i686-pc-cygwin'
host_alias=''
host_cpu='i686'
host_os='cygwin'
host_vendor='pc'
htmldir='${docdir}'
includedir='${prefix}/include'
infodir='${datarootdir}/info'
install_sh='${SHELL} /home/tetsuro_shindo/work/trunk/download/pixman/install-sh'
libdir='${exec_prefix}/lib'
libexecdir='${exec_prefix}/libexec'
localedir='${datarootdir}/locale'
localstatedir='${prefix}/var'
mandir='${datarootdir}/man'
mkdir_p='/usr/bin/mkdir -p'
oldincludedir='/usr/include'
pdfdir='${docdir}'
prefix='/usr/local'
program_transform_name='s,x,x,'
psdir='${docdir}'
sbindir='${exec_prefix}/sbin'
sharedstatedir='${prefix}/com'
sysconfdir='${prefix}/etc'
target_alias=''

## ----------- ##
## confdefs.h. ##
## ----------- ##

/* confdefs.h */
#define PACKAGE_NAME "pixman"
#define PACKAGE_TARNAME "pixman"
#define PACKAGE_VERSION "0.26.2"
#define PACKAGE_STRING "pixman 0.26.2"
#define PACKAGE_BUGREPORT "pixman@lists.freedesktop.org"
#define PACKAGE_URL ""
#define PACKAGE "pixman"
#define VERSION "0.26.2"
#define STDC_HEADERS 1
#define HAVE_SYS_TYPES_H 1
#define HAVE_SYS_STAT_H 1
#define HAVE_STDLIB_H 1
#define HAVE_STRING_H 1
#define HAVE_MEMORY_H 1
#define HAVE_STRINGS_H 1
#define HAVE_INTTYPES_H 1
#define HAVE_STDINT_H 1
#define HAVE_UNISTD_H 1
#define HAVE_DLFCN_H 1
#define LT_OBJDIR ".libs/"
#define SIZEOF_LONG 4
#define USE_OPENMP 1
#define USE_X86_MMX 1
#define USE_SSE2 1
#define USE_GCC_INLINE_ASM 1
#define HAVE_POSIX_MEMALIGN 1
#define HAVE_SIGACTION 1
#define HAVE_ALARM 1
#define HAVE_SYS_MMAN_H 1
#define HAVE_MMAP 1
#define HAVE_MPROTECT 1
#define HAVE_GETPAGESIZE 1
#define HAVE_FENV_H 1
#define HAVE_FEENABLEEXCEPT 1
#define HAVE_GETTIMEOFDAY 1
#define TLS __declspec(thread)
#define TOOLCHAIN_SUPPORTS_ATTRIBUTE_CONSTRUCTOR /**/

configure: exit 0
